2014/01/10 10:26:56 Send mail <Confirm your subscribe mail> to tfirer@foxmail.com successed
2014/01/10 10:30:42 Send mail <Confirm your subscribe mail> to tfirer@foxmail.com successed
2014/01/10 10:30:51 Send mail <Confirm your subscribe mail> to tfirer@foxmail.com successed
2014/01/10 10:31:08 Send mail <Confirm your subscribe mail> to tfirer@foxmail.com successed
2014/01/10 10:43:08 Send mail <Confirm your subscribe mail> to tfirer@foxmail.com successed
2014/01/11 02:04:34 Send mail <Indiegogo Order Confirm of ERI smart wristband from DigiCare> to tfirer@foxmail.com successed
2014/01/11 04:46:52 Send mail <Indiegogo Order Confirm of ERI smart wristband from DigiCare> to tfirer@foxmail.com successed
2014/01/11 04:50:23 Send mail <Indiegogo Order Confirm of ERI smart wristband from DigiCare> to tfirer@foxmail.com successed
2014/01/11 04:51:21 Send mail <Indiegogo Order Confirm of ERI smart wristband from DigiCare> to tfirer@foxmail.com successed
2014/01/11 05:13:37 Send mail <Indiegogo Order Confirm of ERI smart wristband from DigiCare> to tfirer@foxmail.com successed
2014/01/11 05:16:27 Send mail <Indiegogo Order Confirm of ERI smart wristband from DigiCare> to tfirer@foxmail.com successed
2014/01/11 05:29:57 Send mail <Indiegogo Order Confirm of ERI smart wristband from DigiCare> to tfirer@foxmail.com successed
2014/01/11 05:31:34 Send mail <Indiegogo Order Confirm of ERI smart wristband from DigiCare> to tfirer@foxmail.com successed
2014/01/11 05:40:20 Send mail <Indiegogo Order Confirm of ERI smart wristband from DigiCare> to tfirer@foxmail.com successed
2014/01/13 11:25:57 Send mail <Indiegogo Order Confirm of ERI smart wristband from DigiCare> to tfirer@foxmail.com successed
2014/01/13 05:25:20 Send mail <Indiegogo Order Confirm of ERI smart wristband from DigiCare> to tfirer@foxmail.com successed
2014/01/13 05:25:42 Send mail <Indiegogo Order Confirm of ERI smart wristband from DigiCare> to tfirer@foxmail.com successed
2014/01/18 05:19:58 Send mail <Test> to xuejun_200501@163.com successed
2014/01/18 05:19:58 Send mail <Test> to jameslai@digi-care.com successed
2014/01/18 06:09:42 Send mail <Test 13> to qingliangdeng@digi-care.com failed
2014/01/18 06:09:43 Send mail <Test 13> to jimmyliao@digi-care.com successed
2014/01/18 06:09:43 Send mail <Test 13> to jameslai@digi-care.com successed
